0 info it worked if it ends with ok
1 verbose cli [ '/Users/miukimiu/.nvm/versions/node/v7.4.0/bin/node',
1 verbose cli   '/Users/miukimiu/.nvm/versions/node/v7.4.0/bin/npm',
1 verbose cli   'run',
1 verbose cli   'styleguide-server' ]
2 info using npm@4.1.2
3 info using node@v7.4.0
4 verbose run-script [ 'prestyleguide-server',
4 verbose run-script   'styleguide-server',
4 verbose run-script   'poststyleguide-server' ]
5 info lifecycle reactatouille-boilerplate@0.7.51~prestyleguide-server: reactatouille-boilerplate@0.7.51
6 silly lifecycle reactatouille-boilerplate@0.7.51~prestyleguide-server: no script for prestyleguide-server, continuing
7 info lifecycle reactatouille-boilerplate@0.7.51~styleguide-server: reactatouille-boilerplate@0.7.51
8 verbose lifecycle reactatouille-boilerplate@0.7.51~styleguide-server: unsafe-perm in lifecycle true
9 verbose lifecycle reactatouille-boilerplate@0.7.51~styleguide-server: PATH: /Users/miukimiu/.nvm/versions/node/v7.4.0/lib/node_modules/npm/bin/node-gyp-bin:/Users/miukimiu/Repos/react-kawaii/node_modules/.bin:/Users/miukimiu/.nvm/versions/node/v7.4.0/bin:/opt/local/bin:/opt/local/sbin:/Users/miukimiu/.sdkman/candidates/grails/current/bin:/usr/local/bin:/usr/bin:/bin:/usr/sbin:/sbin
10 verbose lifecycle reactatouille-boilerplate@0.7.51~styleguide-server: CWD: /Users/miukimiu/Repos/react-kawaii
11 silly lifecycle reactatouille-boilerplate@0.7.51~styleguide-server: Args: [ '-c', 'styleguidist server' ]
12 silly lifecycle reactatouille-boilerplate@0.7.51~styleguide-server: Returned: code: 1  signal: null
13 info lifecycle reactatouille-boilerplate@0.7.51~styleguide-server: Failed to exec styleguide-server script
14 verbose stack Error: reactatouille-boilerplate@0.7.51 styleguide-server: `styleguidist server`
14 verbose stack Exit status 1
14 verbose stack     at EventEmitter.<anonymous> (/Users/miukimiu/.nvm/versions/node/v7.4.0/lib/node_modules/npm/lib/utils/lifecycle.js:279:16)
14 verbose stack     at emitTwo (events.js:106:13)
14 verbose stack     at EventEmitter.emit (events.js:191:7)
14 verbose stack     at ChildProcess.<anonymous> (/Users/miukimiu/.nvm/versions/node/v7.4.0/lib/node_modules/npm/lib/utils/spawn.js:40:14)
14 verbose stack     at emitTwo (events.js:106:13)
14 verbose stack     at ChildProcess.emit (events.js:191:7)
14 verbose stack     at maybeClose (internal/child_process.js:885:16)
14 verbose stack     at Process.ChildProcess._handle.onexit (internal/child_process.js:226:5)
15 verbose pkgid reactatouille-boilerplate@0.7.51
16 verbose cwd /Users/miukimiu/Repos/react-kawaii
17 error Darwin 15.3.0
18 error argv "/Users/miukimiu/.nvm/versions/node/v7.4.0/bin/node" "/Users/miukimiu/.nvm/versions/node/v7.4.0/bin/npm" "run" "styleguide-server"
19 error node v7.4.0
20 error npm  v4.1.2
21 error code ELIFECYCLE
22 error reactatouille-boilerplate@0.7.51 styleguide-server: `styleguidist server`
22 error Exit status 1
23 error Failed at the reactatouille-boilerplate@0.7.51 styleguide-server script 'styleguidist server'.
23 error Make sure you have the latest version of node.js and npm installed.
23 error If you do, this is most likely a problem with the reactatouille-boilerplate package,
23 error not with npm itself.
23 error Tell the author that this fails on your system:
23 error     styleguidist server
23 error You can get information on how to open an issue for this project with:
23 error     npm bugs reactatouille-boilerplate
23 error Or if that isn't available, you can get their info via:
23 error     npm owner ls reactatouille-boilerplate
23 error There is likely additional logging output above.
24 verbose exit [ 1, true ]
